# JRE version: OpenJDK Runtime Environment Temurin-17.0.11+9 (17.0.11+9) (build 17.0.11+9)
# Java VM: OpenJDK 64-Bit Server VM Temurin-17.0.11+9 (17.0.11+9, mixed mode, emulated-client, tiered, compressed oops, compressed class ptrs, g1 gc, windows-amd64)
GC Precious Log:
 CPUs: 4 total, 4 available
 Memory: 8060M
 Large Page Support: Disabled
 NUMA Support: Disabled
 Compressed Oops: Enabled (32-bit)
 Heap Region Size: 1M
 Heap Min Capacity: 8M
 Heap Initial Capacity: 126M
 Heap Max Capacity: 1G
 Pre-touch: Disabled
 Parallel Workers: 4
 Concurrent Workers: 1
 Concurrent Refinement Workers: 4
 Periodic GC: Disabled
Heap:
 garbage-first heap   total 78848K, used 25238K [0x00000000c0000000, 0x0000000100000000)
  region size 1024K, 1 young (1024K), 0 survivors (0K)
 Metaspace       used 40931K, committed 41536K, reserved 1114112K
  class space    used 5229K, committed 5504K, reserved 1048576K
GC Heap History (20 events):
Event: 1021.527 GC heap before
{Heap before GC invocations=104 (full 94):
 garbage-first heap   total 78848K, used 25238K [0x00000000c0000000, 0x0000000100000000)
  region size 1024K, 1 young (1024K), 0 survivors (0K)
 Metaspace       used 40931K, committed 41536K, reserved 1114112K
  class space    used 5229K, committed 5504K, reserved 1048576K
}
Event: 1021.553 GC heap after
{Heap after GC invocations=105 (full 95):
 garbage-first heap   total 78848K, used 25238K [0x00000000c0000000, 0x0000000100000000)
  region size 1024K, 0 young (0K), 0 survivors (0K)
 Metaspace       used 40931K, committed 41536K, reserved 1114112K
  class space    used 5229K, committed 5504K, reserved 1048576K
}
Event: 1031.793 GC heap before
{Heap before GC invocations=105 (full 95):
 garbage-first heap   total 78848K, used 25238K [0x00000000c0000000, 0x0000000100000000)
  region size 1024K, 1 young (1024K), 0 survivors (0K)
 Metaspace       used 40931K, committed 41536K, reserved 1114112K
  class space    used 5229K, committed 5504K, reserved 1048576K
}
Event: 1031.820 GC heap after
{Heap after GC invocations=106 (full 96):
 garbage-first heap   total 78848K, used 25238K [0x00000000c0000000, 0x0000000100000000)
  region size 1024K, 0 young (0K), 0 survivors (0K)
 Metaspace       used 40931K, committed 41536K, reserved 1114112K
  class space    used 5229K, committed 5504K, reserved 1048576K
}
Event: 1042.301 GC heap before
{Heap before GC invocations=106 (full 96):
 garbage-first heap   total 78848K, used 25238K [0x00000000c0000000, 0x0000000100000000)
  region size 1024K, 1 young (1024K), 0 survivors (0K)
 Metaspace       used 40931K, committed 41536K, reserved 1114112K
  class space    used 5229K, committed 5504K, reserved 1048576K
}
Event: 1042.327 GC heap after
{Heap after GC invocations=107 (full 97):
 garbage-first heap   total 78848K, used 25238K [0x00000000c0000000, 0x0000000100000000)
  region size 1024K, 0 young (0K), 0 survivors (0K)
 Metaspace       used 40931K, committed 41536K, reserved 1114112K
  class space    used 5229K, committed 5504K, reserved 1048576K
}
Event: 1052.612 GC heap before
{Heap before GC invocations=107 (full 97):
 garbage-first heap   total 78848K, used 25238K [0x00000000c0000000, 0x0000000100000000)
  region size 1024K, 1 young (1024K), 0 survivors (0K)
 Metaspace       used 40931K, committed 41536K, reserved 1114112K
  class space    used 5229K, committed 5504K, reserved 1048576K
}
Event: 1052.641 GC heap after
{Heap after GC invocations=108 (full 98):
 garbage-first heap   total 78848K, used 25238K [0x00000000c0000000, 0x0000000100000000)
  region size 1024K, 0 young (0K), 0 survivors (0K)
 Metaspace       used 40931K, committed 41536K, reserved 1114112K
  class space    used 5229K, committed 5504K, reserved 1048576K
}
Event: 1063.180 GC heap before
{Heap before GC invocations=108 (full 98):
 garbage-first heap   total 78848K, used 25238K [0x00000000c0000000, 0x0000000100000000)
  region size 1024K, 1 young (1024K), 0 survivors (0K)
 Metaspace       used 40931K, committed 41536K, reserved 1114112K
  class space    used 5229K, committed 5504K, reserved 1048576K
}
Event: 1063.205 GC heap after
{Heap after GC invocations=109 (full 99):
 garbage-first heap   total 78848K, used 25238K [0x00000000c0000000, 0x0000000100000000)
  region size 1024K, 0 young (0K), 0 survivors (0K)
 Metaspace       used 40931K, committed 41536K, reserved 1114112K
  class space    used 5229K, committed 5504K, reserved 1048576K
}
Event: 1073.396 GC heap before
{Heap before GC invocations=109 (full 99):
 garbage-first heap   total 78848K, used 25238K [0x00000000c0000000, 0x0000000100000000)
  region size 1024K, 1 young (1024K), 0 survivors (0K)
 Metaspace       used 40931K, committed 41536K, reserved 1114112K
  class space    used 5229K, committed 5504K, reserved 1048576K
}
Event: 1073.417 GC heap after
{Heap after GC invocations=110 (full 100):
 garbage-first heap   total 78848K, used 25238K [0x00000000c0000000, 0x0000000100000000)
  region size 1024K, 0 young (0K), 0 survivors (0K)
 Metaspace       used 40931K, committed 41536K, reserved 1114112K
  class space    used 5229K, committed 5504K, reserved 1048576K
}
Event: 1083.573 GC heap before
{Heap before GC invocations=110 (full 100):
 garbage-first heap   total 78848K, used 25238K [0x00000000c0000000, 0x0000000100000000)
  region size 1024K, 1 young (1024K), 0 survivors (0K)
 Metaspace       used 40931K, committed 41536K, reserved 1114112K
  class space    used 5229K, committed 5504K, reserved 1048576K
}
Event: 1083.597 GC heap after
{Heap after GC invocations=111 (full 101):
 garbage-first heap   total 78848K, used 25238K [0x00000000c0000000, 0x0000000100000000)
  region size 1024K, 0 young (0K), 0 survivors (0K)
 Metaspace       used 40931K, committed 41536K, reserved 1114112K
  class space    used 5229K, committed 5504K, reserved 1048576K
}
Event: 1093.838 GC heap before
{Heap before GC invocations=111 (full 101):
 garbage-first heap   total 78848K, used 25238K [0x00000000c0000000, 0x0000000100000000)
  region size 1024K, 1 young (1024K), 0 survivors (0K)
 Metaspace       used 40931K, committed 41536K, reserved 1114112K
  class space    used 5229K, committed 5504K, reserved 1048576K
}
Event: 1093.863 GC heap after
{Heap after GC invocations=112 (full 102):
 garbage-first heap   total 78848K, used 25238K [0x00000000c0000000, 0x0000000100000000)
  region size 1024K, 0 young (0K), 0 survivors (0K)
 Metaspace       used 40931K, committed 41536K, reserved 1114112K
  class space    used 5229K, committed 5504K, reserved 1048576K
}
Event: 1104.040 GC heap before
{Heap before GC invocations=112 (full 102):
 garbage-first heap   total 78848K, used 25238K [0x00000000c0000000, 0x0000000100000000)
  region size 1024K, 1 young (1024K), 0 survivors (0K)
 Metaspace       used 40931K, committed 41536K, reserved 1114112K
  class space    used 5229K, committed 5504K, reserved 1048576K
}
Event: 1104.063 GC heap after
{Heap after GC invocations=113 (full 103):
 garbage-first heap   total 78848K, used 25238K [0x00000000c0000000, 0x0000000100000000)
  region size 1024K, 0 young (0K), 0 survivors (0K)
 Metaspace       used 40931K, committed 41536K, reserved 1114112K
  class space    used 5229K, committed 5504K, reserved 1048576K
}
Event: 1114.306 GC heap before
{Heap before GC invocations=113 (full 103):
 garbage-first heap   total 78848K, used 25238K [0x00000000c0000000, 0x0000000100000000)
  region size 1024K, 1 young (1024K), 0 survivors (0K)
 Metaspace       used 40931K, committed 41536K, reserved 1114112K
  class space    used 5229K, committed 5504K, reserved 1048576K
}
Event: 1114.330 GC heap after
{Heap after GC invocations=114 (full 104):
 garbage-first heap   total 78848K, used 25238K [0x00000000c0000000, 0x0000000100000000)
  region size 1024K, 0 young (0K), 0 survivors (0K)
 Metaspace       used 40931K, committed 41536K, reserved 1114112K
  class space    used 5229K, committed 5504K, reserved 1048576K
}

